2016-02-01 00:02:20 Inicio de sesión <abrew_javier@hotmail.com> ::1
2016-02-01 07:02:03 Inicio de sesión <abrew_javier@hotmail.com> ::1
2016-02-01 07:02:07 Inicio de sesión <abrew_javier@hotmail.com> ::1
2016-02-01 07:02:01 Cierre de sesión <abrew_javier@hotmail.com> ::1
2016-02-01 07:02:05 Inicio de sesión <abrew_javier@hotmail.com> ::1
2016-02-01 07:02:07 Cierre de sesión <abrew_javier@hotmail.com> ::1
2016-02-01 07:02:13 Inicio de sesión <abrew_javier@hotmail.com> ::1
2016-02-01 07:02:25 Cierre de sesión <abrew_javier@hotmail.com> ::1
2016-02-01 08:02:08 <4> Usuario bloqueado por exceso de intentos <abrew_javier@hotmail.comd> ::1
2016-02-01 08:02:08 [ip:4]Intento de inicio de sesión <abrew_javier@hotmail.comd:4> ::1
2016-02-01 08:02:35 Inicio de sesión <abrew_javier@hotmail.com> ::1
2016-02-01 08:02:38 Cierre de sesión <abrew_javier@hotmail.com> ::1
2016-02-01 08:02:50 <3> Usuario bloqueado por exceso de intentos <leo@rojas.com> ::1
2016-02-01 08:02:50 [ip:1]Intento de inicio de sesión <leo@rojas.com:3> ::1
2016-02-01 08:02:38 [ip:2]Intento de inicio de sesión <abrew_javier@hotmail.coms:1> ::1
2016-02-01 08:02:05 [ip:3]Intento de inicio de sesión <abrew_javier@hotmail.coms:2> ::1
2016-02-01 08:02:08 <3> Usuario bloqueado por exceso de intentos <abrew_javier@hotmail.coms> ::1
2016-02-01 08:02:08 [ip:4]Intento de inicio de sesión <abrew_javier@hotmail.coms:3> ::1
2016-02-01 08:02:11 <4> Usuario bloqueado por exceso de intentos <abrew_javier@hotmail.coms> ::1
2016-02-01 08:02:11 [ip:5]Intento de inicio de sesión <abrew_javier@hotmail.coms:4> ::1
2016-02-01 08:02:38 <5> Usuario bloqueado por exceso de intentos <abrew_javier@hotmail.coms> ::1
2016-02-01 08:02:38 [ip:6]Intento de inicio de sesión <abrew_javier@hotmail.coms:5> ::1
2016-02-01 08:02:41 <6> Usuario bloqueado por exceso de intentos <abrew_javier@hotmail.coms> ::1
2016-02-01 08:02:41 [ip:7]Intento de inicio de sesión <abrew_javier@hotmail.coms:6> ::1
2016-02-01 08:02:44 <7> Usuario bloqueado por exceso de intentos <abrew_javier@hotmail.coms> ::1
2016-02-01 08:02:44 [ip:8]Intento de inicio de sesión <abrew_javier@hotmail.coms:7> ::1
2016-02-01 08:02:46 <8> Usuario bloqueado por exceso de intentos <abrew_javier@hotmail.coms> ::1
2016-02-01 08:02:24 <9> Usuario bloqueado por exceso de intentos <abrew_javier@hotmail.coms> ::1
2016-02-01 08:02:24 <10> Ip bloqueada por demaciados intentos fallidos de conexión <abrew_javier@hotmail.coms> ::1
2016-02-01 08:02:24 Intento de acceso, con ip bloqueada  ::1
2016-02-01 08:02:55 Intento de acceso, con ip bloqueada  ::1
2016-02-01 08:02:01 Intento de acceso, con ip bloqueada  ::1
2016-02-01 08:02:14 Intento de acceso, con ip bloqueada  ::1
2016-02-01 08:02:33 Intento de acceso, con ip bloqueada  ::1
2016-02-01 08:02:49 Inicio de sesión <abrew_javier@hotmail.com> ::1
2016-02-01 12:02:06 Intento de acceso, con ip bloqueada  ::1
2016-02-01 12:02:14 Inicio de sesión <abrew_javier@hotmail.com> ::1
2016-02-01 12:02:16 Inicio de sesión <abrew_javier@hotmail.com> ::1
2016-02-01 12:02:50 Inicio de sesión <abrew_javier@hotmail.com> ::1
2016-02-01 12:02:56 Inicio de sesión <abrew_javier@hotmail.com> ::1
2016-02-01 12:02:54 Inicio de sesión <abrew_javier@hotmail.com> ::1
2016-02-01 12:02:28 Cierre de sesión <abrew_javier@hotmail.com> ::1
2016-02-01 12:02:28 Intento de acceso, con ip bloqueada  ::1
2016-02-01 12:02:42 Inicio de sesión <abrew_javier@hotmail.com> ::1
2016-02-01 12:02:49 Inicio de sesión <abrew_javier@hotmail.com> ::1
2016-02-01 12:02:23 Cierre de sesión <abrew_javier@hotmail.com> ::1
2016-02-01 12:02:23 Intento de acceso, con ip bloqueada  ::1
2016-02-01 12:02:29 Inicio de sesión <abrew_javier@hotmail.com> ::1
2016-02-01 12:02:20 Inicio de sesión <abrew_javier@hotmail.com> ::1
2016-02-01 12:02:05 Inicio de sesión <abrew_javier@hotmail.com> ::1
2016-02-01 12:02:38 Inicio de sesión <abrew_javier@hotmail.com> ::1
2016-02-01 12:02:15 Inicio de sesión <abrew_javier@hotmail.com> ::1
2016-02-01 12:02:23 Cierre de sesión <abrew_javier@hotmail.com> ::1
2016-02-01 13:02:51 Inicio de sesión <abrew_javier@hotmail.com> ::1
2016-02-01 13:02:56 Cierre de sesión <abrew_javier@hotmail.com> ::1
2016-02-01 13:02:12 Inicio de sesión <abrew_javier@hotmail.com> ::1
2016-02-01 13:02:39 Inicio de sesión <abrew_javier@hotmail.com> ::1
2016-02-01 13:02:56 Inicio de sesión <abrew_javier@hotmail.com> ::1
2016-02-01 13:02:04 Cierre de sesión <abrew_javier@hotmail.com> ::1
2016-02-01 13:02:18 Inicio de sesión <alguien@dominio.com> ::1
2016-02-01 13:02:03 Inicio de sesión <alguien@dominio.com> ::1
2016-02-01 13:02:46 Inicio de sesión <abrew_javier@hotmail.com> ::1
2016-02-01 13:02:49 Cierre de sesión <abrew_javier@hotmail.com> ::1
2016-02-01 13:02:54 Inicio de sesión <alguien@dominio.com> ::1
2016-02-01 14:02:08 Inicio de sesión <abrew_javier@hotmail.com> ::1
2016-02-01 14:02:10 Cierre de sesión <abrew_javier@hotmail.com> ::1
2016-02-01 14:02:15 Inicio de sesión <alguien@dominio.com> ::1
2016-02-01 14:02:57 Inicio de sesión <alguien@dominio.com> ::1
2016-02-01 14:02:28 Cierre de sesión <alguien@dominio.com> ::1
2016-02-01 14:02:33 Inicio de sesión <alguien@dominio.com> ::1
2016-02-01 14:02:59 Cierre de sesión <alguien@dominio.com> ::1
2016-02-01 14:02:52 Inicio de sesión <alguien@dominio.com> ::1
2016-02-01 14:02:54 Cierre de sesión <alguien@dominio.com> ::1
2016-02-01 14:02:02 [ip:1]Intento de inicio de sesión <abrew_javier@hotmail.com:1> ::1
2016-02-01 14:02:20 Inicio de sesión <alguien@dominio.com> ::1
2016-02-01 14:02:15 Inicio de sesión <alguien@dominio.com> ::1
2016-02-01 14:02:06 Inicio de sesión <alguien@dominio.com> ::1
2016-02-01 19:02:41 Inicio de sesión <abrew_javier@hotmail.com> ::1
2016-02-01 19:02:53 Cierre de sesión <abrew_javier@hotmail.com> ::1
2016-02-01 19:02:10 Inicio de sesión <alguien@dominio.com> ::1
2016-02-01 19:02:39 Inicio de sesión <abrew_javier@hotmail.com> ::1
2016-02-01 19:02:42 Cierre de sesión <abrew_javier@hotmail.com> ::1
2016-02-01 19:02:48 Inicio de sesión <alguien@dominio.com> ::1
2016-02-01 19:02:07 Inicio de sesión <alguien@dominio.com> ::1
2016-02-01 19:02:25 Inicio de sesión <alguien@dominio.com> ::1
2016-02-01 19:02:59 Cierre de sesión <alguien@dominio.com> ::1
2016-02-01 19:02:04 Inicio de sesión <alguien@dominio.com> ::1
2016-02-01 19:02:16 Inicio de sesión <alguien@dominio.com> ::1
2016-02-01 19:02:49 Cierre de sesión <alguien@dominio.com> ::1
2016-02-01 19:02:56 Inicio de sesión <alguien@dominio.com> ::1
2016-02-01 19:02:13 Inicio de sesión <alguien@dominio.com> ::1
2016-02-01 19:02:54 Cierre de sesión <alguien@dominio.com> ::1
2016-02-01 19:02:05 Inicio de sesión <alguien@dominio.com> ::1
2016-02-01 19:02:48 Cierre de sesión <alguien@dominio.com> ::1
2016-02-01 19:02:44 Inicio de sesión <abrew_javier@hotmail.com> ::1
2016-02-01 19:02:38 Cierre de sesión <abrew_javier@hotmail.com> ::1
2016-02-01 19:02:44 Inicio de sesión <alguien@dominio.com> ::1
2016-02-01 19:02:03 Cierre de sesión <alguien@dominio.com> ::1
2016-02-01 19:02:10 Inicio de sesión <alguien@dominio.com> ::1
2016-02-01 19:02:36 Inicio de sesión <alguien@dominio.com> ::1
2016-02-01 19:02:48 Inicio de sesión <alguien@dominio.com> ::1
2016-02-01 19:02:51 Inicio de sesión <alguien@dominio.com> ::1
2016-02-01 19:02:58 Cierre de sesión <alguien@dominio.com> ::1
2016-02-01 19:02:04 [ip:1]Intento de inicio de sesión <alguien@dominio.com:1> ::1
2016-02-01 19:02:16 Inicio de sesión <alguien@dominio.com> ::1
2016-02-01 20:02:49 Inicio de sesión <abrew_javier@hotmail.com> ::1
2016-02-01 20:02:54 Cierre de sesión <abrew_javier@hotmail.com> ::1
2016-02-01 20:02:39 Inicio de sesión <abrew_javier@hotmail.com> ::1
2016-02-01 20:02:41 Cierre de sesión <abrew_javier@hotmail.com> ::1
2016-02-01 20:02:10 [ip:1]Intento de inicio de sesión <ja@vi.er:1> ::1
2016-02-01 20:02:21 [ip:2]Intento de inicio de sesión <ja@vi.er:2> ::1
2016-02-01 20:02:30 Inicio de sesión <ja@vi.er> ::1
2016-02-01 20:02:10 Cierre de sesión <ja@vi.er> ::1
2016-02-01 20:02:24 Inicio de sesión <ja@vi.er> ::1
2016-02-01 20:02:20 Cierre de sesión <ja@vi.er> ::1
2016-02-01 20:02:31 Inicio de sesión <ja@vi.er> ::1
2016-02-01 20:02:41 Cierre de sesión <ja@vi.er> ::1
2016-02-01 20:02:45 [ip:1]Intento de inicio de sesión <abrew_javier@hotmail.com:2> ::1
2016-02-01 20:02:52 <3> Usuario bloqueado por exceso de intentos <abrew_javier@hotmail.com> ::1
2016-02-01 20:02:52 [ip:2]Intento de inicio de sesión <abrew_javier@hotmail.com:3> ::1
2016-02-01 20:02:58 <4> Usuario bloqueado por exceso de intentos <abrew_javier@hotmail.com> ::1
2016-02-01 20:02:58 [ip:3]Intento de inicio de sesión <abrew_javier@hotmail.com:4> ::1
2016-02-01 20:02:28 <5> Usuario bloqueado por exceso de intentos <abrew_javier@hotmail.com> ::1
2016-02-01 20:02:28 [ip:4]Intento de inicio de sesión <abrew_javier@hotmail.com:5> ::1
2016-02-01 20:02:29 <6> Usuario bloqueado por exceso de intentos <abrew_javier@hotmail.com> ::1
2016-02-01 20:02:29 [ip:5]Intento de inicio de sesión <abrew_javier@hotmail.com:6> ::1
2016-02-01 20:02:30 <7> Usuario bloqueado por exceso de intentos <abrew_javier@hotmail.com> ::1
2016-02-01 20:02:30 [ip:6]Intento de inicio de sesión <abrew_javier@hotmail.com:7> ::1
2016-02-01 20:02:36 <8> Usuario bloqueado por exceso de intentos <abrew_javier@hotmail.com> ::1
2016-02-01 20:02:36 [ip:7]Intento de inicio de sesión <abrew_javier@hotmail.com:8> ::1
2016-02-01 20:02:47 <3> Usuario bloqueado por exceso de intentos <ja@vi.er> ::1
2016-02-01 20:02:47 [ip:8]Intento de inicio de sesión <ja@vi.er:3> ::1
2016-02-01 20:02:55 <4> Usuario bloqueado por exceso de intentos <ja@vi.er> ::1
2016-02-01 20:02:55 <9> Ip bloqueada por demaciados intentos fallidos de conexión <ja@vi.er> ::1
2016-02-01 20:02:55 Intento de acceso, con ip bloqueada  ::1
2016-02-01 20:02:13 <9> Usuario bloqueado por exceso de intentos <abrew_javier@hotmail.com> ::1
2016-02-01 20:02:13 [ip:1]Intento de inicio de sesión <abrew_javier@hotmail.com:9> ::1
2016-02-01 20:02:13 Intento de acceso, con ip bloqueada  ::1
2016-02-01 20:02:35 [ip:2]Intento de inicio de sesión <alguien@dominio.com:2> ::1
2016-02-01 20:02:35 Intento de acceso, con ip bloqueada  ::1
2016-02-01 20:02:07 <3> Usuario bloqueado por exceso de intentos <alguien@dominio.com> ::1
2016-02-01 20:02:07 [ip:3]Intento de inicio de sesión <alguien@dominio.com:3> ::1
2016-02-01 20:02:07 Intento de acceso, con ip bloqueada  ::1
2016-02-01 20:02:49 Intento de acceso, con ip bloqueada  ::1
2016-02-01 20:02:20 <10> Usuario bloqueado por exceso de intentos <abrew_javier@hotmail.com> ::1
2016-02-01 20:02:20 [ip:4]Intento de inicio de sesión <abrew_javier@hotmail.com:10> ::1
2016-02-01 20:02:20 Intento de acceso, con ip bloqueada  ::1
2016-02-01 20:02:27 <11> Usuario bloqueado por exceso de intentos <abrew_javier@hotmail.com> ::1
2016-02-01 20:02:27 [ip:5]Intento de inicio de sesión <abrew_javier@hotmail.com:11> ::1
2016-02-01 20:02:27 Intento de acceso, con ip bloqueada  ::1
2016-02-01 20:02:54 <12> Usuario bloqueado por exceso de intentos <abrew_javier@hotmail.com> ::1
2016-02-01 20:02:54 [ip:6]Intento de inicio de sesión <abrew_javier@hotmail.com:12> ::1
2016-02-01 20:02:54 Intento de acceso, con ip bloqueada  ::1
2016-02-01 20:02:26 Inicio de sesión <abrew_javier@hotmail.com> ::1
2016-02-01 20:02:41 Cierre de sesión <abrew_javier@hotmail.com> ::1
2016-02-01 20:02:41 Intento de acceso, con ip bloqueada  ::1
2016-02-01 20:02:50 Inicio de sesión <abrew_javier@hotmail.com> ::1
2016-02-01 20:02:55 Cierre de sesión <abrew_javier@hotmail.com> ::1
2016-02-01 20:02:54 Inicio de sesión <ja@vi.er> ::1
2016-02-01 20:02:59 Cierre de sesión <ja@vi.er> ::1
2016-02-01 20:02:13 [ip:1]Intento de inicio de sesión <ja@vi.er:1> ::1
2016-02-01 20:02:39 [ip:2]Intento de inicio de sesión <ja@vi.er:2> ::1
2016-02-01 20:02:48 Inicio de sesión <abrew_javier@hotmail.com> ::1
2016-02-01 20:02:17 Cierre de sesión <abrew_javier@hotmail.com> ::1
2016-02-01 20:02:19 Inicio de sesión <abrew_javier@hotmail.com> ::1
2016-02-01 20:02:27 Cierre de sesión <abrew_javier@hotmail.com> ::1
2016-02-01 20:02:13 Inicio de sesión <abrew_javier@hotmail.com> ::1
2016-02-01 20:02:22 Cierre de sesión <abrew_javier@hotmail.com> ::1
2016-02-01 20:02:02 [ip:1]Intento de inicio de sesión <abrew_javier@hotmail.com:1> ::1
2016-02-01 20:02:04 [ip:2]Intento de inicio de sesión <abrew_javier@hotmail.com:2> ::1
2016-02-01 20:02:14 Inicio de sesión <abrew_javier@hotmail.com> ::1
2016-02-01 20:02:18 Cierre de sesión <abrew_javier@hotmail.com> ::1
2016-02-04 10:02:23 <3> Usuario bloqueado por exceso de intentos <abrew_javier@hotmail.com> ::1
2016-02-04 10:02:23 [ip:1]Intento de inicio de sesión <abrew_javier@hotmail.com:3> ::1
2016-02-04 10:02:25 <4> Usuario bloqueado por exceso de intentos <abrew_javier@hotmail.com> ::1
2016-02-04 10:02:25 [ip:2]Intento de inicio de sesión <abrew_javier@hotmail.com:4> ::1
2016-02-04 10:02:56 Inicio de sesión <abrew_javier@hotmail.com> ::1
2016-02-04 10:02:49 Cierre de sesión <abrew_javier@hotmail.com> ::1
2016-02-04 10:02:51 Inicio de sesión <abrew_javier@hotmail.com> ::1
2016-02-04 10:02:55 Cierre de sesión <abrew_javier@hotmail.com> ::1
2016-02-04 10:02:28 Inicio de sesión <abrew_javier@hotmail.com> ::1
2016-02-04 10:02:44 Cierre de sesión <abrew_javier@hotmail.com> ::1
2016-02-04 10:02:46 Inicio de sesión <abrew_javier@hotmail.com> ::1
2016-02-04 10:02:49 Cierre de sesión <abrew_javier@hotmail.com> ::1
2016-02-04 10:02:49 Inicio de sesión <abrew_javier@hotmail.com> ::1
2016-02-04 10:02:44 <6> Usuario bloqueado por exceso de intentos <abrew_javier@hotmail.com> ::1
2016-02-04 10:02:44 [ip:1]Intento de inicio de sesión <abrew_javier@hotmail.com:6> ::1
2016-02-04 10:02:01 <7> Usuario bloqueado por exceso de intentos <abrew_javier@hotmail.com> ::1
2016-02-04 10:02:01 [ip:2]Intento de inicio de sesión <abrew_javier@hotmail.com:7> ::1
2016-02-04 10:02:03 <8> Usuario bloqueado por exceso de intentos <abrew_javier@hotmail.com> ::1
2016-02-04 10:02:03 [ip:3]Intento de inicio de sesión <abrew_javier@hotmail.com:8> ::1
2016-02-04 10:02:53 <9> Usuario bloqueado por exceso de intentos <abrew_javier@hotmail.com> ::1
2016-02-04 10:02:53 [ip:4]Intento de inicio de sesión <abrew_javier@hotmail.com:9> ::1
2016-02-04 10:02:09 Inicio de sesión <abrew_javier@hotmail.com> ::1
2016-02-04 10:02:22 Cierre de sesión <abrew_javier@hotmail.com> ::1
2016-02-04 10:02:50 Inicio de sesión <jo@jo.com> ::1
2016-02-04 10:02:12 Cierre de sesión <jo@jo.com> ::1
2016-02-04 10:02:36 Inicio de sesión <jo@jo.com> ::1
2016-02-04 10:02:48 Cierre de sesión <jo@jo.com> ::1
2016-02-04 10:02:45 Inicio de sesión <abrew_javier@hotmail.com> ::1
2016-02-04 10:02:54 Cierre de sesión <abrew_javier@hotmail.com> ::1
2016-02-04 10:02:52 Inicio de sesión <abrew_javier@hotmail.com> ::1
2016-02-04 10:02:44 Cierre de sesión <abrew_javier@hotmail.com> ::1
2016-02-04 12:02:11 Inicio de sesión <abrew_javier@hotmail.com> ::1
